f:\yq\sourcecode\test\gopostal-postal-1-open-source-67ed6c69603e\build\postal plus\debug\postald.bsc
f:\yq\sourcecode\test\gopostal-postal-1-open-source-67ed6c69603e\build\postal plus\debug\postal plus.pch
f:\yq\sourcecode\test\gopostal-postal-1-open-source-67ed6c69603e\build\postal plus\debug\vc120.pdb
f:\yq\sourcecode\test\gopostal-postal-1-open-source-67ed6c69603e\build\postal plus\debug\vc120.idb
f:\yq\sourcecode\test\gopostal-postal-1-open-source-67ed6c69603e\build\postal plus\debug\aivars.sbr
f:\yq\sourcecode\test\gopostal-postal-1-open-source-67ed6c69603e\build\postal plus\debug\aivars.obj
f:\yq\sourcecode\test\gopostal-postal-1-open-source-67ed6c69603e\build\postal plus\debug\band.sbr
f:\yq\sourcecode\test\gopostal-postal-1-open-source-67ed6c69603e\build\postal plus\debug\credits.sbr
f:\yq\sourcecode\test\gopostal-postal-1-open-source-67ed6c69603e\build\postal plus\debug\game.sbr
f:\yq\sourcecode\test\gopostal-postal-1-open-source-67ed6c69603e\build\postal plus\debug\input.sbr
f:\yq\sourcecode\test\gopostal-postal-1-open-source-67ed6c69603e\build\postal plus\debug\localize.sbr
f:\yq\sourcecode\test\gopostal-postal-1-open-source-67ed6c69603e\build\postal plus\debug\main.sbr
f:\yq\sourcecode\test\gopostal-postal-1-open-source-67ed6c69603e\build\postal plus\debug\menus.sbr
f:\yq\sourcecode\test\gopostal-postal-1-open-source-67ed6c69603e\build\postal plus\debug\play.sbr
f:\yq\sourcecode\test\gopostal-postal-1-open-source-67ed6c69603e\build\postal plus\debug\samplemaster.sbr
f:\yq\sourcecode\test\gopostal-postal-1-open-source-67ed6c69603e\build\postal plus\debug\title.sbr
f:\yq\sourcecode\test\gopostal-postal-1-open-source-67ed6c69603e\build\postal plus\debug\title.obj
f:\yq\sourcecode\test\gopostal-postal-1-open-source-67ed6c69603e\build\postal plus\debug\samplemaster.obj
f:\yq\sourcecode\test\gopostal-postal-1-open-source-67ed6c69603e\build\postal plus\debug\play.obj
f:\yq\sourcecode\test\gopostal-postal-1-open-source-67ed6c69603e\build\postal plus\debug\menus.obj
f:\yq\sourcecode\test\gopostal-postal-1-open-source-67ed6c69603e\build\postal plus\debug\main.obj
f:\yq\sourcecode\test\gopostal-postal-1-open-source-67ed6c69603e\build\postal plus\debug\localize.obj
f:\yq\sourcecode\test\gopostal-postal-1-open-source-67ed6c69603e\build\postal plus\debug\input.obj
f:\yq\sourcecode\test\gopostal-postal-1-open-source-67ed6c69603e\build\postal plus\debug\game.obj
f:\yq\sourcecode\test\gopostal-postal-1-open-source-67ed6c69603e\build\postal plus\debug\credits.obj
f:\yq\sourcecode\test\gopostal-postal-1-open-source-67ed6c69603e\build\postal plus\debug\band.obj
f:\yq\sourcecode\test\gopostal-postal-1-open-source-67ed6c69603e\testing\postald.exe
f:\yq\sourcecode\test\gopostal-postal-1-open-source-67ed6c69603e\build\postal plus\debug\postal plusd.pdb
f:\yq\sourcecode\test\gopostal-postal-1-open-source-67ed6c69603e\build\postal plus\debug\postal.res
f:\yq\sourcecode\test\gopostal-postal-1-open-source-67ed6c69603e\build\postal plus\debug\postal plus.tlog\bscmake.command.1.tlog
f:\yq\sourcecode\test\gopostal-postal-1-open-source-67ed6c69603e\build\postal plus\debug\postal plus.tlog\bscmake.read.1.tlog
f:\yq\sourcecode\test\gopostal-postal-1-open-source-67ed6c69603e\build\postal plus\debug\postal plus.tlog\bscmake.write.1.tlog
f:\yq\sourcecode\test\gopostal-postal-1-open-source-67ed6c69603e\build\postal plus\debug\postal plus.tlog\cl.command.1.tlog
f:\yq\sourcecode\test\gopostal-postal-1-open-source-67ed6c69603e\build\postal plus\debug\postal plus.tlog\cl.read.1.tlog
f:\yq\sourcecode\test\gopostal-postal-1-open-source-67ed6c69603e\build\postal plus\debug\postal plus.tlog\cl.write.1.tlog
f:\yq\sourcecode\test\gopostal-postal-1-open-source-67ed6c69603e\build\postal plus\debug\postal plus.tlog\link.command.1.tlog
f:\yq\sourcecode\test\gopostal-postal-1-open-source-67ed6c69603e\build\postal plus\debug\postal plus.tlog\link.read.1.tlog
f:\yq\sourcecode\test\gopostal-postal-1-open-source-67ed6c69603e\build\postal plus\debug\postal plus.tlog\link.write.1.tlog
f:\yq\sourcecode\test\gopostal-postal-1-open-source-67ed6c69603e\build\postal plus\debug\postal plus.tlog\rc.command.1.tlog
f:\yq\sourcecode\test\gopostal-postal-1-open-source-67ed6c69603e\build\postal plus\debug\postal plus.tlog\rc.read.1.tlog
f:\yq\sourcecode\test\gopostal-postal-1-open-source-67ed6c69603e\build\postal plus\debug\postal plus.tlog\rc.write.1.tlog
