  uColors.cpp
f:\yq\sourcecode\test\gopostal-postal-1-open-source-67ed6c69603e\rspix\src\blue\unix\unixsystem.h(247): warning C4996: '_snprintf': This function or variable may be unsafe. Consider using _snprintf_s instead. To disable deprecation, use _CRT_SECURE_NO_WARNINGS. See online help for details.
          g:\program files (x86)\microsoft visual studio 12.0\vc\include\stdio.h(346) : 参见“_snprintf”的声明
f:\yq\sourcecode\test\gopostal-postal-1-open-source-67ed6c69603e\rspix\src\blue\unix\unixsystem.h(253): warning C4996: '_snprintf': This function or variable may be unsafe. Consider using _snprintf_s instead. To disable deprecation, use _CRT_SECURE_NO_WARNINGS. See online help for details.
          g:\program files (x86)\microsoft visual studio 12.0\vc\include\stdio.h(346) : 参见“_snprintf”的声明
f:\yq\sourcecode\test\gopostal-postal-1-open-source-67ed6c69603e\rspix\src\blue\unix\unixsystem.h(259): warning C4996: '_snprintf': This function or variable may be unsafe. Consider using _snprintf_s instead. To disable deprecation, use _CRT_SECURE_NO_WARNINGS. See online help for details.
          g:\program files (x86)\microsoft visual studio 12.0\vc\include\stdio.h(346) : 参见“_snprintf”的声明
  uDialog.cpp
f:\yq\sourcecode\test\gopostal-postal-1-open-source-67ed6c69603e\rspix\src\blue\unix\unixsystem.h(247): warning C4996: '_snprintf': This function or variable may be unsafe. Consider using _snprintf_s instead. To disable deprecation, use _CRT_SECURE_NO_WARNINGS. See online help for details.
          g:\program files (x86)\microsoft visual studio 12.0\vc\include\stdio.h(346) : 参见“_snprintf”的声明
f:\yq\sourcecode\test\gopostal-postal-1-open-source-67ed6c69603e\rspix\src\blue\unix\unixsystem.h(253): warning C4996: '_snprintf': This function or variable may be unsafe. Consider using _snprintf_s instead. To disable deprecation, use _CRT_SECURE_NO_WARNINGS. See online help for details.
          g:\program files (x86)\microsoft visual studio 12.0\vc\include\stdio.h(346) : 参见“_snprintf”的声明
f:\yq\sourcecode\test\gopostal-postal-1-open-source-67ed6c69603e\rspix\src\blue\unix\unixsystem.h(259): warning C4996: '_snprintf': This function or variable may be unsafe. Consider using _snprintf_s instead. To disable deprecation, use _CRT_SECURE_NO_WARNINGS. See online help for details.
          g:\program files (x86)\microsoft visual studio 12.0\vc\include\stdio.h(346) : 参见“_snprintf”的声明
  uPath.cpp
f:\yq\sourcecode\test\gopostal-postal-1-open-source-67ed6c69603e\rspix\src\blue\unix\unixsystem.h(247): warning C4996: '_snprintf': This function or variable may be unsafe. Consider using _snprintf_s instead. To disable deprecation, use _CRT_SECURE_NO_WARNINGS. See online help for details.
          g:\program files (x86)\microsoft visual studio 12.0\vc\include\stdio.h(346) : 参见“_snprintf”的声明
f:\yq\sourcecode\test\gopostal-postal-1-open-source-67ed6c69603e\rspix\src\blue\unix\unixsystem.h(253): warning C4996: '_snprintf': This function or variable may be unsafe. Consider using _snprintf_s instead. To disable deprecation, use _CRT_SECURE_NO_WARNINGS. See online help for details.
          g:\program files (x86)\microsoft visual studio 12.0\vc\include\stdio.h(346) : 参见“_snprintf”的声明
f:\yq\sourcecode\test\gopostal-postal-1-open-source-67ed6c69603e\rspix\src\blue\unix\unixsystem.h(259): warning C4996: '_snprintf': This function or variable may be unsafe. Consider using _snprintf_s instead. To disable deprecation, use _CRT_SECURE_NO_WARNINGS. See online help for details.
          g:\program files (x86)\microsoft visual studio 12.0\vc\include\stdio.h(346) : 参见“_snprintf”的声明
f:\yq\sourcecode\test\gopostal-postal-1-open-source-67ed6c69603e\rspix\src\cyan\unix\upath.cpp(78): warning C4996: 'strcpy': This function or variable may be unsafe. Consider using strcpy_s instead. To disable deprecation, use _CRT_SECURE_NO_WARNINGS. See online help for details.
          g:\program files (x86)\microsoft visual studio 12.0\vc\include\string.h(112) : 参见“strcpy”的声明
f:\yq\sourcecode\test\gopostal-postal-1-open-source-67ed6c69603e\rspix\src\cyan\unix\upath.cpp(118): warning C4996: 'strcpy': This function or variable may be unsafe. Consider using strcpy_s instead. To disable deprecation, use _CRT_SECURE_NO_WARNINGS. See online help for details.
          g:\program files (x86)\microsoft visual studio 12.0\vc\include\string.h(112) : 参见“strcpy”的声明
f:\yq\sourcecode\test\gopostal-postal-1-open-source-67ed6c69603e\rspix\src\cyan\unix\upath.cpp(160): warning C4996: 'strncpy': This function or variable may be unsafe. Consider using strncpy_s instead. To disable deprecation, use _CRT_SECURE_NO_WARNINGS. See online help for details.
          g:\program files (x86)\microsoft visual studio 12.0\vc\include\string.h(195) : 参见“strncpy”的声明
  正在生成代码...
  Cyan.vcxproj -> F:\YQ\sourcecode\test\gopostal-postal-1-open-source-67ed6c69603e\.\Build\Cyan\Debug\Cyan.lib
