  pipeline.cpp
f:\yq\sourcecode\test\gopostal-postal-1-open-source-67ed6c69603e\rspix\src\blue\unix\unixsystem.h(247): warning C4996: '_snprintf': This function or variable may be unsafe. Consider using _snprintf_s instead. To disable deprecation, use _CRT_SECURE_NO_WARNINGS. See online help for details.
          g:\program files (x86)\microsoft visual studio 12.0\vc\include\stdio.h(346) : 参见“_snprintf”的声明
f:\yq\sourcecode\test\gopostal-postal-1-open-source-67ed6c69603e\rspix\src\blue\unix\unixsystem.h(253): warning C4996: '_snprintf': This function or variable may be unsafe. Consider using _snprintf_s instead. To disable deprecation, use _CRT_SECURE_NO_WARNINGS. See online help for details.
          g:\program files (x86)\microsoft visual studio 12.0\vc\include\stdio.h(346) : 参见“_snprintf”的声明
f:\yq\sourcecode\test\gopostal-postal-1-open-source-67ed6c69603e\rspix\src\blue\unix\unixsystem.h(259): warning C4996: '_snprintf': This function or variable may be unsafe. Consider using _snprintf_s instead. To disable deprecation, use _CRT_SECURE_NO_WARNINGS. See online help for details.
          g:\program files (x86)\microsoft visual studio 12.0\vc\include\stdio.h(346) : 参见“_snprintf”的声明
f:\yq\sourcecode\test\gopostal-postal-1-open-source-67ed6c69603e\rspix\src\orange\quickmath\quickmath.h(192): warning C4244: “=”: 从“S64”转换到“S32”，可能丢失数据
f:\yq\sourcecode\test\gopostal-postal-1-open-source-67ed6c69603e\rspix\src\orange\quickmath\quickmath.h(193): warning C4244: “=”: 从“S64”转换到“S32”，可能丢失数据
f:\yq\sourcecode\test\gopostal-postal-1-open-source-67ed6c69603e\rspix\src\green\3d\pipeline.cpp(110): warning C4244: “=”: 从“double”转换到“float”，可能丢失数据
f:\yq\sourcecode\test\gopostal-postal-1-open-source-67ed6c69603e\rspix\src\green\3d\pipeline.cpp(112): warning C4244: “=”: 从“double”转换到“float”，可能丢失数据
f:\yq\sourcecode\test\gopostal-postal-1-open-source-67ed6c69603e\rspix\src\green\3d\pipeline.cpp(431): warning C4244: “=”: 从“double”转换到“int16_t”，可能丢失数据
f:\yq\sourcecode\test\gopostal-postal-1-open-source-67ed6c69603e\rspix\src\green\3d\pipeline.cpp(432): warning C4244: “=”: 从“double”转换到“int16_t”，可能丢失数据
  render.cpp
f:\yq\sourcecode\test\gopostal-postal-1-open-source-67ed6c69603e\rspix\src\blue\unix\unixsystem.h(247): warning C4996: '_snprintf': This function or variable may be unsafe. Consider using _snprintf_s instead. To disable deprecation, use _CRT_SECURE_NO_WARNINGS. See online help for details.
          g:\program files (x86)\microsoft visual studio 12.0\vc\include\stdio.h(346) : 参见“_snprintf”的声明
f:\yq\sourcecode\test\gopostal-postal-1-open-source-67ed6c69603e\rspix\src\blue\unix\unixsystem.h(253): warning C4996: '_snprintf': This function or variable may be unsafe. Consider using _snprintf_s instead. To disable deprecation, use _CRT_SECURE_NO_WARNINGS. See online help for details.
          g:\program files (x86)\microsoft visual studio 12.0\vc\include\stdio.h(346) : 参见“_snprintf”的声明
f:\yq\sourcecode\test\gopostal-postal-1-open-source-67ed6c69603e\rspix\src\blue\unix\unixsystem.h(259): warning C4996: '_snprintf': This function or variable may be unsafe. Consider using _snprintf_s instead. To disable deprecation, use _CRT_SECURE_NO_WARNINGS. See online help for details.
          g:\program files (x86)\microsoft visual studio 12.0\vc\include\stdio.h(346) : 参见“_snprintf”的声明
f:\yq\sourcecode\test\gopostal-postal-1-open-source-67ed6c69603e\rspix\src\orange\quickmath\quickmath.h(192): warning C4244: “=”: 从“S64”转换到“S32”，可能丢失数据
f:\yq\sourcecode\test\gopostal-postal-1-open-source-67ed6c69603e\rspix\src\orange\quickmath\quickmath.h(193): warning C4244: “=”: 从“S64”转换到“S32”，可能丢失数据
  types3d.cpp
f:\yq\sourcecode\test\gopostal-postal-1-open-source-67ed6c69603e\rspix\src\blue\unix\unixsystem.h(247): warning C4996: '_snprintf': This function or variable may be unsafe. Consider using _snprintf_s instead. To disable deprecation, use _CRT_SECURE_NO_WARNINGS. See online help for details.
          g:\program files (x86)\microsoft visual studio 12.0\vc\include\stdio.h(346) : 参见“_snprintf”的声明
f:\yq\sourcecode\test\gopostal-postal-1-open-source-67ed6c69603e\rspix\src\blue\unix\unixsystem.h(253): warning C4996: '_snprintf': This function or variable may be unsafe. Consider using _snprintf_s instead. To disable deprecation, use _CRT_SECURE_NO_WARNINGS. See online help for details.
          g:\program files (x86)\microsoft visual studio 12.0\vc\include\stdio.h(346) : 参见“_snprintf”的声明
f:\yq\sourcecode\test\gopostal-postal-1-open-source-67ed6c69603e\rspix\src\blue\unix\unixsystem.h(259): warning C4996: '_snprintf': This function or variable may be unsafe. Consider using _snprintf_s instead. To disable deprecation, use _CRT_SECURE_NO_WARNINGS. See online help for details.
          g:\program files (x86)\microsoft visual studio 12.0\vc\include\stdio.h(346) : 参见“_snprintf”的声明
f:\yq\sourcecode\test\gopostal-postal-1-open-source-67ed6c69603e\rspix\src\orange\quickmath\quickmath.h(192): warning C4244: “=”: 从“S64”转换到“S32”，可能丢失数据
f:\yq\sourcecode\test\gopostal-postal-1-open-source-67ed6c69603e\rspix\src\orange\quickmath\quickmath.h(193): warning C4244: “=”: 从“S64”转换到“S32”，可能丢失数据
f:\yq\sourcecode\test\gopostal-postal-1-open-source-67ed6c69603e\rspix\src\green\3d\types3d.cpp(243): warning C4244: “=”: 从“float”转换到“U8”，可能丢失数据
f:\yq\sourcecode\test\gopostal-postal-1-open-source-67ed6c69603e\rspix\src\green\3d\types3d.cpp(246): warning C4244: “=”: 从“float”转换到“U8”，可能丢失数据
f:\yq\sourcecode\test\gopostal-postal-1-open-source-67ed6c69603e\rspix\src\green\3d\types3d.cpp(249): warning C4244: “=”: 从“float”转换到“U8”，可能丢失数据
  zbuffer.cpp
f:\yq\sourcecode\test\gopostal-postal-1-open-source-67ed6c69603e\rspix\src\blue\unix\unixsystem.h(247): warning C4996: '_snprintf': This function or variable may be unsafe. Consider using _snprintf_s instead. To disable deprecation, use _CRT_SECURE_NO_WARNINGS. See online help for details.
          g:\program files (x86)\microsoft visual studio 12.0\vc\include\stdio.h(346) : 参见“_snprintf”的声明
f:\yq\sourcecode\test\gopostal-postal-1-open-source-67ed6c69603e\rspix\src\blue\unix\unixsystem.h(253): warning C4996: '_snprintf': This function or variable may be unsafe. Consider using _snprintf_s instead. To disable deprecation, use _CRT_SECURE_NO_WARNINGS. See online help for details.
          g:\program files (x86)\microsoft visual studio 12.0\vc\include\stdio.h(346) : 参见“_snprintf”的声明
f:\yq\sourcecode\test\gopostal-postal-1-open-source-67ed6c69603e\rspix\src\blue\unix\unixsystem.h(259): warning C4996: '_snprintf': This function or variable may be unsafe. Consider using _snprintf_s instead. To disable deprecation, use _CRT_SECURE_NO_WARNINGS. See online help for details.
          g:\program files (x86)\microsoft visual studio 12.0\vc\include\stdio.h(346) : 参见“_snprintf”的声明
f:\yq\sourcecode\test\gopostal-postal-1-open-source-67ed6c69603e\rspix\src\orange\quickmath\quickmath.h(192): warning C4244: “=”: 从“S64”转换到“S32”，可能丢失数据
f:\yq\sourcecode\test\gopostal-postal-1-open-source-67ed6c69603e\rspix\src\orange\quickmath\quickmath.h(193): warning C4244: “=”: 从“S64”转换到“S32”，可能丢失数据
  正在生成代码...
  BLiT3D.vcxproj -> F:\YQ\sourcecode\test\gopostal-postal-1-open-source-67ed6c69603e\.\Build\BLiT3D\Debug\BLiT3D.lib
