f:\yq\sourcecode\test\gopostal-postal-1-open-source-67ed6c69603e\build\blit\debug\vc120.pdb
f:\yq\sourcecode\test\gopostal-postal-1-open-source-67ed6c69603e\build\blit\debug\vc120.idb
f:\yq\sourcecode\test\gopostal-postal-1-open-source-67ed6c69603e\build\blit\debug\scaleflat.obj
f:\yq\sourcecode\test\gopostal-postal-1-open-source-67ed6c69603e\build\blit\debug\rprint.obj
f:\yq\sourcecode\test\gopostal-postal-1-open-source-67ed6c69603e\build\blit\debug\rotate96.obj
f:\yq\sourcecode\test\gopostal-postal-1-open-source-67ed6c69603e\build\blit\debug\mono.obj
f:\yq\sourcecode\test\gopostal-postal-1-open-source-67ed6c69603e\build\blit\debug\line.obj
f:\yq\sourcecode\test\gopostal-postal-1-open-source-67ed6c69603e\build\blit\debug\fspr8.obj
f:\yq\sourcecode\test\gopostal-postal-1-open-source-67ed6c69603e\build\blit\debug\fspr1.obj
f:\yq\sourcecode\test\gopostal-postal-1-open-source-67ed6c69603e\build\blit\debug\cfnt.obj
f:\yq\sourcecode\test\gopostal-postal-1-open-source-67ed6c69603e\build\blit\debug\blitt.obj
f:\yq\sourcecode\test\gopostal-postal-1-open-source-67ed6c69603e\build\blit\debug\blitinit.obj
f:\yq\sourcecode\test\gopostal-postal-1-open-source-67ed6c69603e\build\blit\debug\blit.obj
f:\yq\sourcecode\test\gopostal-postal-1-open-source-67ed6c69603e\build\blit\debug\alphablit.obj
f:\yq\sourcecode\test\gopostal-postal-1-open-source-67ed6c69603e\build\blit\debug\blit.lib
f:\yq\sourcecode\test\gopostal-postal-1-open-source-67ed6c69603e\.\build\blit\debug\blit.lib
f:\yq\sourcecode\test\gopostal-postal-1-open-source-67ed6c69603e\build\blit\debug\blit.tlog\cl.command.1.tlog
f:\yq\sourcecode\test\gopostal-postal-1-open-source-67ed6c69603e\build\blit\debug\blit.tlog\cl.read.1.tlog
f:\yq\sourcecode\test\gopostal-postal-1-open-source-67ed6c69603e\build\blit\debug\blit.tlog\cl.write.1.tlog
f:\yq\sourcecode\test\gopostal-postal-1-open-source-67ed6c69603e\build\blit\debug\blit.tlog\lib-link.read.1.tlog
f:\yq\sourcecode\test\gopostal-postal-1-open-source-67ed6c69603e\build\blit\debug\blit.tlog\lib-link.write.1.tlog
f:\yq\sourcecode\test\gopostal-postal-1-open-source-67ed6c69603e\build\blit\debug\blit.tlog\lib.command.1.tlog
