f:\yq\sourcecode\test\gopostal-postal-1-open-source-67ed6c69603e\build\postal common\debug\postal common.bsc
f:\yq\sourcecode\test\gopostal-postal-1-open-source-67ed6c69603e\build\postal common\debug\postal common.pch
f:\yq\sourcecode\test\gopostal-postal-1-open-source-67ed6c69603e\build\postal common\debug\alphablitforpostal.sbr
f:\yq\sourcecode\test\gopostal-postal-1-open-source-67ed6c69603e\build\postal common\debug\alphablitforpostal.obj
f:\yq\sourcecode\test\gopostal-postal-1-open-source-67ed6c69603e\build\postal common\debug\animthing.sbr
f:\yq\sourcecode\test\gopostal-postal-1-open-source-67ed6c69603e\build\postal common\debug\ball.sbr
f:\yq\sourcecode\test\gopostal-postal-1-open-source-67ed6c69603e\build\postal common\debug\barrel.sbr
f:\yq\sourcecode\test\gopostal-postal-1-open-source-67ed6c69603e\build\postal common\debug\bouy.sbr
f:\yq\sourcecode\test\gopostal-postal-1-open-source-67ed6c69603e\build\postal common\debug\character.sbr
f:\yq\sourcecode\test\gopostal-postal-1-open-source-67ed6c69603e\build\postal common\debug\chunk.sbr
f:\yq\sourcecode\test\gopostal-postal-1-open-source-67ed6c69603e\build\postal common\debug\deathwad.sbr
f:\yq\sourcecode\test\gopostal-postal-1-open-source-67ed6c69603e\build\postal common\debug\demon.sbr
f:\yq\sourcecode\test\gopostal-postal-1-open-source-67ed6c69603e\build\postal common\debug\dispenser.sbr
f:\yq\sourcecode\test\gopostal-postal-1-open-source-67ed6c69603e\build\postal common\debug\doofus.sbr
f:\yq\sourcecode\test\gopostal-postal-1-open-source-67ed6c69603e\build\postal common\debug\dude.sbr
f:\yq\sourcecode\test\gopostal-postal-1-open-source-67ed6c69603e\build\postal common\debug\explode.sbr
f:\yq\sourcecode\test\gopostal-postal-1-open-source-67ed6c69603e\build\postal common\debug\fire.sbr
f:\yq\sourcecode\test\gopostal-postal-1-open-source-67ed6c69603e\build\postal common\debug\fireball.sbr
f:\yq\sourcecode\test\gopostal-postal-1-open-source-67ed6c69603e\build\postal common\debug\firebomb.sbr
f:\yq\sourcecode\test\gopostal-postal-1-open-source-67ed6c69603e\build\postal common\debug\flag.sbr
f:\yq\sourcecode\test\gopostal-postal-1-open-source-67ed6c69603e\build\postal common\debug\flagbase.sbr
f:\yq\sourcecode\test\gopostal-postal-1-open-source-67ed6c69603e\build\postal common\debug\grenade.sbr
f:\yq\sourcecode\test\gopostal-postal-1-open-source-67ed6c69603e\build\postal common\debug\heatseeker.sbr
f:\yq\sourcecode\test\gopostal-postal-1-open-source-67ed6c69603e\build\postal common\debug\hood.sbr
f:\yq\sourcecode\test\gopostal-postal-1-open-source-67ed6c69603e\build\postal common\debug\hood.obj
f:\yq\sourcecode\test\gopostal-postal-1-open-source-67ed6c69603e\build\postal common\debug\heatseeker.obj
f:\yq\sourcecode\test\gopostal-postal-1-open-source-67ed6c69603e\build\postal common\debug\grenade.obj
f:\yq\sourcecode\test\gopostal-postal-1-open-source-67ed6c69603e\build\postal common\debug\flagbase.obj
f:\yq\sourcecode\test\gopostal-postal-1-open-source-67ed6c69603e\build\postal common\debug\flag.obj
f:\yq\sourcecode\test\gopostal-postal-1-open-source-67ed6c69603e\build\postal common\debug\firebomb.obj
f:\yq\sourcecode\test\gopostal-postal-1-open-source-67ed6c69603e\build\postal common\debug\fireball.obj
f:\yq\sourcecode\test\gopostal-postal-1-open-source-67ed6c69603e\build\postal common\debug\fire.obj
f:\yq\sourcecode\test\gopostal-postal-1-open-source-67ed6c69603e\build\postal common\debug\explode.obj
f:\yq\sourcecode\test\gopostal-postal-1-open-source-67ed6c69603e\build\postal common\debug\dude.obj
f:\yq\sourcecode\test\gopostal-postal-1-open-source-67ed6c69603e\build\postal common\debug\doofus.obj
f:\yq\sourcecode\test\gopostal-postal-1-open-source-67ed6c69603e\build\postal common\debug\dispenser.obj
f:\yq\sourcecode\test\gopostal-postal-1-open-source-67ed6c69603e\build\postal common\debug\demon.obj
f:\yq\sourcecode\test\gopostal-postal-1-open-source-67ed6c69603e\build\postal common\debug\deathwad.obj
f:\yq\sourcecode\test\gopostal-postal-1-open-source-67ed6c69603e\build\postal common\debug\chunk.obj
f:\yq\sourcecode\test\gopostal-postal-1-open-source-67ed6c69603e\build\postal common\debug\character.obj
f:\yq\sourcecode\test\gopostal-postal-1-open-source-67ed6c69603e\build\postal common\debug\bouy.obj
f:\yq\sourcecode\test\gopostal-postal-1-open-source-67ed6c69603e\build\postal common\debug\barrel.obj
f:\yq\sourcecode\test\gopostal-postal-1-open-source-67ed6c69603e\build\postal common\debug\ball.obj
f:\yq\sourcecode\test\gopostal-postal-1-open-source-67ed6c69603e\build\postal common\debug\animthing.obj
f:\yq\sourcecode\test\gopostal-postal-1-open-source-67ed6c69603e\build\postal common\debug\item3d.sbr
f:\yq\sourcecode\test\gopostal-postal-1-open-source-67ed6c69603e\build\postal common\debug\mine.sbr
f:\yq\sourcecode\test\gopostal-postal-1-open-source-67ed6c69603e\build\postal common\debug\napalm.sbr
f:\yq\sourcecode\test\gopostal-postal-1-open-source-67ed6c69603e\build\postal common\debug\navnet.sbr
f:\yq\sourcecode\test\gopostal-postal-1-open-source-67ed6c69603e\build\postal common\debug\ostrich.sbr
f:\yq\sourcecode\test\gopostal-postal-1-open-source-67ed6c69603e\build\postal common\debug\person.sbr
f:\yq\sourcecode\test\gopostal-postal-1-open-source-67ed6c69603e\build\postal common\debug\powerup.sbr
f:\yq\sourcecode\test\gopostal-postal-1-open-source-67ed6c69603e\build\postal common\debug\pylon.sbr
f:\yq\sourcecode\test\gopostal-postal-1-open-source-67ed6c69603e\build\postal common\debug\rocket.sbr
f:\yq\sourcecode\test\gopostal-postal-1-open-source-67ed6c69603e\build\postal common\debug\sentry.sbr
f:\yq\sourcecode\test\gopostal-postal-1-open-source-67ed6c69603e\build\postal common\debug\sndrelay.sbr
f:\yq\sourcecode\test\gopostal-postal-1-open-source-67ed6c69603e\build\postal common\debug\soundthing.sbr
f:\yq\sourcecode\test\gopostal-postal-1-open-source-67ed6c69603e\build\postal common\debug\thing.sbr
f:\yq\sourcecode\test\gopostal-postal-1-open-source-67ed6c69603e\build\postal common\debug\thing3d.sbr
f:\yq\sourcecode\test\gopostal-postal-1-open-source-67ed6c69603e\build\postal common\debug\trigger.sbr
f:\yq\sourcecode\test\gopostal-postal-1-open-source-67ed6c69603e\build\postal common\debug\warp.sbr
f:\yq\sourcecode\test\gopostal-postal-1-open-source-67ed6c69603e\build\postal common\debug\weapon.sbr
f:\yq\sourcecode\test\gopostal-postal-1-open-source-67ed6c69603e\build\postal common\debug\anim3d.sbr
f:\yq\sourcecode\test\gopostal-postal-1-open-source-67ed6c69603e\build\postal common\debug\bufq.sbr
f:\yq\sourcecode\test\gopostal-postal-1-open-source-67ed6c69603e\build\postal common\debug\bulletfest.sbr
f:\yq\sourcecode\test\gopostal-postal-1-open-source-67ed6c69603e\build\postal common\debug\bulletfest.obj
f:\yq\sourcecode\test\gopostal-postal-1-open-source-67ed6c69603e\build\postal common\debug\bufq.obj
f:\yq\sourcecode\test\gopostal-postal-1-open-source-67ed6c69603e\build\postal common\debug\anim3d.obj
f:\yq\sourcecode\test\gopostal-postal-1-open-source-67ed6c69603e\build\postal common\debug\weapon.obj
f:\yq\sourcecode\test\gopostal-postal-1-open-source-67ed6c69603e\build\postal common\debug\warp.obj
f:\yq\sourcecode\test\gopostal-postal-1-open-source-67ed6c69603e\build\postal common\debug\trigger.obj
f:\yq\sourcecode\test\gopostal-postal-1-open-source-67ed6c69603e\build\postal common\debug\thing3d.obj
f:\yq\sourcecode\test\gopostal-postal-1-open-source-67ed6c69603e\build\postal common\debug\thing.obj
f:\yq\sourcecode\test\gopostal-postal-1-open-source-67ed6c69603e\build\postal common\debug\soundthing.obj
f:\yq\sourcecode\test\gopostal-postal-1-open-source-67ed6c69603e\build\postal common\debug\sndrelay.obj
f:\yq\sourcecode\test\gopostal-postal-1-open-source-67ed6c69603e\build\postal common\debug\sentry.obj
f:\yq\sourcecode\test\gopostal-postal-1-open-source-67ed6c69603e\build\postal common\debug\rocket.obj
f:\yq\sourcecode\test\gopostal-postal-1-open-source-67ed6c69603e\build\postal common\debug\pylon.obj
f:\yq\sourcecode\test\gopostal-postal-1-open-source-67ed6c69603e\build\postal common\debug\powerup.obj
f:\yq\sourcecode\test\gopostal-postal-1-open-source-67ed6c69603e\build\postal common\debug\person.obj
f:\yq\sourcecode\test\gopostal-postal-1-open-source-67ed6c69603e\build\postal common\debug\ostrich.obj
f:\yq\sourcecode\test\gopostal-postal-1-open-source-67ed6c69603e\build\postal common\debug\navnet.obj
f:\yq\sourcecode\test\gopostal-postal-1-open-source-67ed6c69603e\build\postal common\debug\napalm.obj
f:\yq\sourcecode\test\gopostal-postal-1-open-source-67ed6c69603e\build\postal common\debug\mine.obj
f:\yq\sourcecode\test\gopostal-postal-1-open-source-67ed6c69603e\build\postal common\debug\item3d.obj
f:\yq\sourcecode\test\gopostal-postal-1-open-source-67ed6c69603e\build\postal common\debug\camera.sbr
f:\yq\sourcecode\test\gopostal-postal-1-open-source-67ed6c69603e\build\postal common\debug\crawler.sbr
f:\yq\sourcecode\test\gopostal-postal-1-open-source-67ed6c69603e\build\postal common\debug\cutscene.sbr
f:\yq\sourcecode\test\gopostal-postal-1-open-source-67ed6c69603e\build\postal common\debug\encrypt.sbr
f:\yq\sourcecode\test\gopostal-postal-1-open-source-67ed6c69603e\build\postal common\debug\gamesettings.sbr
f:\yq\sourcecode\test\gopostal-postal-1-open-source-67ed6c69603e\build\postal common\debug\grip.sbr
f:\yq\sourcecode\test\gopostal-postal-1-open-source-67ed6c69603e\build\postal common\debug\idbank.sbr
f:\yq\sourcecode\test\gopostal-postal-1-open-source-67ed6c69603e\build\postal common\debug\inputsettings.sbr
f:\yq\sourcecode\test\gopostal-postal-1-open-source-67ed6c69603e\build\postal common\debug\inputsettingsdlg.sbr
f:\yq\sourcecode\test\gopostal-postal-1-open-source-67ed6c69603e\build\postal common\debug\keys.sbr
f:\yq\sourcecode\test\gopostal-postal-1-open-source-67ed6c69603e\build\postal common\debug\log.sbr
f:\yq\sourcecode\test\gopostal-postal-1-open-source-67ed6c69603e\build\postal common\debug\logtab.sbr
f:\yq\sourcecode\test\gopostal-postal-1-open-source-67ed6c69603e\build\postal common\debug\memfilefest.sbr
f:\yq\sourcecode\test\gopostal-postal-1-open-source-67ed6c69603e\build\postal common\debug\menusettings.sbr
f:\yq\sourcecode\test\gopostal-postal-1-open-source-67ed6c69603e\build\postal common\debug\net.sbr
f:\yq\sourcecode\test\gopostal-postal-1-open-source-67ed6c69603e\build\postal common\debug\netbrowse.sbr
f:\yq\sourcecode\test\gopostal-postal-1-open-source-67ed6c69603e\build\postal common\debug\netclient.sbr
f:\yq\sourcecode\test\gopostal-postal-1-open-source-67ed6c69603e\build\postal common\debug\netdlg.sbr
f:\yq\sourcecode\test\gopostal-postal-1-open-source-67ed6c69603e\build\postal common\debug\netmsgr.sbr
f:\yq\sourcecode\test\gopostal-postal-1-open-source-67ed6c69603e\build\postal common\debug\netserver.sbr
f:\yq\sourcecode\test\gopostal-postal-1-open-source-67ed6c69603e\build\postal common\debug\netserver.obj
f:\yq\sourcecode\test\gopostal-postal-1-open-source-67ed6c69603e\build\postal common\debug\netmsgr.obj
f:\yq\sourcecode\test\gopostal-postal-1-open-source-67ed6c69603e\build\postal common\debug\netdlg.obj
f:\yq\sourcecode\test\gopostal-postal-1-open-source-67ed6c69603e\build\postal common\debug\netclient.obj
f:\yq\sourcecode\test\gopostal-postal-1-open-source-67ed6c69603e\build\postal common\debug\netbrowse.obj
f:\yq\sourcecode\test\gopostal-postal-1-open-source-67ed6c69603e\build\postal common\debug\net.obj
f:\yq\sourcecode\test\gopostal-postal-1-open-source-67ed6c69603e\build\postal common\debug\menusettings.obj
f:\yq\sourcecode\test\gopostal-postal-1-open-source-67ed6c69603e\build\postal common\debug\memfilefest.obj
f:\yq\sourcecode\test\gopostal-postal-1-open-source-67ed6c69603e\build\postal common\debug\logtab.obj
f:\yq\sourcecode\test\gopostal-postal-1-open-source-67ed6c69603e\build\postal common\debug\log.obj
f:\yq\sourcecode\test\gopostal-postal-1-open-source-67ed6c69603e\build\postal common\debug\keys.obj
f:\yq\sourcecode\test\gopostal-postal-1-open-source-67ed6c69603e\build\postal common\debug\inputsettingsdlg.obj
f:\yq\sourcecode\test\gopostal-postal-1-open-source-67ed6c69603e\build\postal common\debug\inputsettings.obj
f:\yq\sourcecode\test\gopostal-postal-1-open-source-67ed6c69603e\build\postal common\debug\idbank.obj
f:\yq\sourcecode\test\gopostal-postal-1-open-source-67ed6c69603e\build\postal common\debug\grip.obj
f:\yq\sourcecode\test\gopostal-postal-1-open-source-67ed6c69603e\build\postal common\debug\gamesettings.obj
f:\yq\sourcecode\test\gopostal-postal-1-open-source-67ed6c69603e\build\postal common\debug\encrypt.obj
f:\yq\sourcecode\test\gopostal-postal-1-open-source-67ed6c69603e\build\postal common\debug\cutscene.obj
f:\yq\sourcecode\test\gopostal-postal-1-open-source-67ed6c69603e\build\postal common\debug\crawler.obj
f:\yq\sourcecode\test\gopostal-postal-1-open-source-67ed6c69603e\build\postal common\debug\camera.obj
f:\yq\sourcecode\test\gopostal-postal-1-open-source-67ed6c69603e\build\postal common\debug\organ.sbr
f:\yq\sourcecode\test\gopostal-postal-1-open-source-67ed6c69603e\build\postal common\debug\personatorium.sbr
f:\yq\sourcecode\test\gopostal-postal-1-open-source-67ed6c69603e\build\postal common\debug\protobsdip.sbr
f:\yq\sourcecode\test\gopostal-postal-1-open-source-67ed6c69603e\build\postal common\debug\realm.sbr
f:\yq\sourcecode\test\gopostal-postal-1-open-source-67ed6c69603e\build\postal common\debug\scene.sbr
f:\yq\sourcecode\test\gopostal-postal-1-open-source-67ed6c69603e\build\postal common\debug\score.sbr
f:\yq\sourcecode\test\gopostal-postal-1-open-source-67ed6c69603e\build\postal common\debug\smash.sbr
f:\yq\sourcecode\test\gopostal-postal-1-open-source-67ed6c69603e\build\postal common\debug\socket.sbr
f:\yq\sourcecode\test\gopostal-postal-1-open-source-67ed6c69603e\build\postal common\debug\stockpile.sbr
f:\yq\sourcecode\test\gopostal-postal-1-open-source-67ed6c69603e\build\postal common\debug\texedit.sbr
f:\yq\sourcecode\test\gopostal-postal-1-open-source-67ed6c69603e\build\postal common\debug\toolbar.sbr
f:\yq\sourcecode\test\gopostal-postal-1-open-source-67ed6c69603e\build\postal common\debug\triggerregions.sbr
f:\yq\sourcecode\test\gopostal-postal-1-open-source-67ed6c69603e\build\postal common\debug\update.sbr
f:\yq\sourcecode\test\gopostal-postal-1-open-source-67ed6c69603e\build\postal common\debug\update.obj
f:\yq\sourcecode\test\gopostal-postal-1-open-source-67ed6c69603e\build\postal common\debug\triggerregions.obj
f:\yq\sourcecode\test\gopostal-postal-1-open-source-67ed6c69603e\build\postal common\debug\toolbar.obj
f:\yq\sourcecode\test\gopostal-postal-1-open-source-67ed6c69603e\build\postal common\debug\texedit.obj
f:\yq\sourcecode\test\gopostal-postal-1-open-source-67ed6c69603e\build\postal common\debug\stockpile.obj
f:\yq\sourcecode\test\gopostal-postal-1-open-source-67ed6c69603e\build\postal common\debug\socket.obj
f:\yq\sourcecode\test\gopostal-postal-1-open-source-67ed6c69603e\build\postal common\debug\smash.obj
f:\yq\sourcecode\test\gopostal-postal-1-open-source-67ed6c69603e\build\postal common\debug\score.obj
f:\yq\sourcecode\test\gopostal-postal-1-open-source-67ed6c69603e\build\postal common\debug\scene.obj
f:\yq\sourcecode\test\gopostal-postal-1-open-source-67ed6c69603e\build\postal common\debug\realm.obj
f:\yq\sourcecode\test\gopostal-postal-1-open-source-67ed6c69603e\build\postal common\debug\protobsdip.obj
f:\yq\sourcecode\test\gopostal-postal-1-open-source-67ed6c69603e\build\postal common\debug\personatorium.obj
f:\yq\sourcecode\test\gopostal-postal-1-open-source-67ed6c69603e\build\postal common\debug\organ.obj
f:\yq\sourcecode\test\gopostal-postal-1-open-source-67ed6c69603e\build\postal common\debug\gameedit.sbr
f:\yq\sourcecode\test\gopostal-postal-1-open-source-67ed6c69603e\build\postal common\debug\menutrans.sbr
f:\yq\sourcecode\test\gopostal-postal-1-open-source-67ed6c69603e\build\postal common\debug\settings.sbr
f:\yq\sourcecode\test\gopostal-postal-1-open-source-67ed6c69603e\build\postal common\debug\yatime.sbr
f:\yq\sourcecode\test\gopostal-postal-1-open-source-67ed6c69603e\build\postal common\debug\yatime.obj
f:\yq\sourcecode\test\gopostal-postal-1-open-source-67ed6c69603e\build\postal common\debug\settings.obj
f:\yq\sourcecode\test\gopostal-postal-1-open-source-67ed6c69603e\build\postal common\debug\menutrans.obj
f:\yq\sourcecode\test\gopostal-postal-1-open-source-67ed6c69603e\build\postal common\debug\gameedit.obj
f:\yq\sourcecode\test\gopostal-postal-1-open-source-67ed6c69603e\build\postal common\debug\postal common.lib
f:\yq\sourcecode\test\gopostal-postal-1-open-source-67ed6c69603e\build\postal common\debug\postal.res
f:\yq\sourcecode\test\gopostal-postal-1-open-source-67ed6c69603e\.\build\postal common\debug\postal common.lib
f:\yq\sourcecode\test\gopostal-postal-1-open-source-67ed6c69603e\build\postal common\debug\postal common.tlog\bscmake.command.1.tlog
f:\yq\sourcecode\test\gopostal-postal-1-open-source-67ed6c69603e\build\postal common\debug\postal common.tlog\bscmake.read.1.tlog
f:\yq\sourcecode\test\gopostal-postal-1-open-source-67ed6c69603e\build\postal common\debug\postal common.tlog\bscmake.write.1.tlog
f:\yq\sourcecode\test\gopostal-postal-1-open-source-67ed6c69603e\build\postal common\debug\postal common.tlog\cl.command.1.tlog
f:\yq\sourcecode\test\gopostal-postal-1-open-source-67ed6c69603e\build\postal common\debug\postal common.tlog\cl.read.1.tlog
f:\yq\sourcecode\test\gopostal-postal-1-open-source-67ed6c69603e\build\postal common\debug\postal common.tlog\cl.write.1.tlog
f:\yq\sourcecode\test\gopostal-postal-1-open-source-67ed6c69603e\build\postal common\debug\postal common.tlog\lib-link-cvtres.read.1.tlog
f:\yq\sourcecode\test\gopostal-postal-1-open-source-67ed6c69603e\build\postal common\debug\postal common.tlog\lib-link-cvtres.write.1.tlog
f:\yq\sourcecode\test\gopostal-postal-1-open-source-67ed6c69603e\build\postal common\debug\postal common.tlog\lib.command.1.tlog
f:\yq\sourcecode\test\gopostal-postal-1-open-source-67ed6c69603e\build\postal common\debug\postal common.tlog\rc.command.1.tlog
f:\yq\sourcecode\test\gopostal-postal-1-open-source-67ed6c69603e\build\postal common\debug\postal common.tlog\rc.read.1.tlog
f:\yq\sourcecode\test\gopostal-postal-1-open-source-67ed6c69603e\build\postal common\debug\postal common.tlog\rc.write.1.tlog
