f:\yq\sourcecode\test\gopostal-postal-1-open-source-67ed6c69603e\build\orange\debug\vc120.pdb
f:\yq\sourcecode\test\gopostal-postal-1-open-source-67ed6c69603e\build\orange\debug\vc120.idb
f:\yq\sourcecode\test\gopostal-postal-1-open-source-67ed6c69603e\build\orange\debug\mtask.obj
f:\yq\sourcecode\test\gopostal-postal-1-open-source-67ed6c69603e\build\orange\debug\msgbox.obj
f:\yq\sourcecode\test\gopostal-postal-1-open-source-67ed6c69603e\build\orange\debug\meter.obj
f:\yq\sourcecode\test\gopostal-postal-1-open-source-67ed6c69603e\build\orange\debug\listcontents.obj
f:\yq\sourcecode\test\gopostal-postal-1-open-source-67ed6c69603e\build\orange\debug\listbox.obj
f:\yq\sourcecode\test\gopostal-postal-1-open-source-67ed6c69603e\build\orange\debug\laymage.obj
f:\yq\sourcecode\test\gopostal-postal-1-open-source-67ed6c69603e\build\orange\debug\lasso.obj
f:\yq\sourcecode\test\gopostal-postal-1-open-source-67ed6c69603e\build\orange\debug\iff.obj
f:\yq\sourcecode\test\gopostal-postal-1-open-source-67ed6c69603e\build\orange\debug\guiitem.obj
f:\yq\sourcecode\test\gopostal-postal-1-open-source-67ed6c69603e\build\orange\debug\fixedpoint.obj
f:\yq\sourcecode\test\gopostal-postal-1-open-source-67ed6c69603e\build\orange\debug\file.obj
f:\yq\sourcecode\test\gopostal-postal-1-open-source-67ed6c69603e\build\orange\debug\edit.obj
f:\yq\sourcecode\test\gopostal-postal-1-open-source-67ed6c69603e\build\orange\debug\dlg.obj
f:\yq\sourcecode\test\gopostal-postal-1-open-source-67ed6c69603e\build\orange\debug\dithermatch.obj
f:\yq\sourcecode\test\gopostal-postal-1-open-source-67ed6c69603e\build\orange\debug\dirtrect.obj
f:\yq\sourcecode\test\gopostal-postal-1-open-source-67ed6c69603e\build\orange\debug\colormatch.obj
f:\yq\sourcecode\test\gopostal-postal-1-open-source-67ed6c69603e\build\orange\debug\channel.obj
f:\yq\sourcecode\test\gopostal-postal-1-open-source-67ed6c69603e\build\orange\debug\btn.obj
f:\yq\sourcecode\test\gopostal-postal-1-open-source-67ed6c69603e\build\orange\debug\attribute.obj
f:\yq\sourcecode\test\gopostal-postal-1-open-source-67ed6c69603e\build\orange\debug\animsprt.obj
f:\yq\sourcecode\test\gopostal-postal-1-open-source-67ed6c69603e\build\orange\debug\txt.obj
f:\yq\sourcecode\test\gopostal-postal-1-open-source-67ed6c69603e\build\orange\debug\str.obj
f:\yq\sourcecode\test\gopostal-postal-1-open-source-67ed6c69603e\build\orange\debug\sprite.obj
f:\yq\sourcecode\test\gopostal-postal-1-open-source-67ed6c69603e\build\orange\debug\simplebatch.obj
f:\yq\sourcecode\test\gopostal-postal-1-open-source-67ed6c69603e\build\orange\debug\shapes.obj
f:\yq\sourcecode\test\gopostal-postal-1-open-source-67ed6c69603e\build\orange\debug\scrollbar.obj
f:\yq\sourcecode\test\gopostal-postal-1-open-source-67ed6c69603e\build\orange\debug\rstring.obj
f:\yq\sourcecode\test\gopostal-postal-1-open-source-67ed6c69603e\build\orange\debug\region.obj
f:\yq\sourcecode\test\gopostal-postal-1-open-source-67ed6c69603e\build\orange\debug\quickmath.obj
f:\yq\sourcecode\test\gopostal-postal-1-open-source-67ed6c69603e\build\orange\debug\pushbtn.obj
f:\yq\sourcecode\test\gopostal-postal-1-open-source-67ed6c69603e\build\orange\debug\profile.obj
f:\yq\sourcecode\test\gopostal-postal-1-open-source-67ed6c69603e\build\orange\debug\processgui.obj
f:\yq\sourcecode\test\gopostal-postal-1-open-source-67ed6c69603e\build\orange\debug\multigridindirect.obj
f:\yq\sourcecode\test\gopostal-postal-1-open-source-67ed6c69603e\build\orange\debug\multigrid.obj
f:\yq\sourcecode\test\gopostal-postal-1-open-source-67ed6c69603e\build\orange\debug\multibtn.obj
f:\yq\sourcecode\test\gopostal-postal-1-open-source-67ed6c69603e\build\orange\debug\orange.lib
f:\yq\sourcecode\test\gopostal-postal-1-open-source-67ed6c69603e\.\build\orange\debug\orange.lib
f:\yq\sourcecode\test\gopostal-postal-1-open-source-67ed6c69603e\build\orange\debug\orange.tlog\cl.command.1.tlog
f:\yq\sourcecode\test\gopostal-postal-1-open-source-67ed6c69603e\build\orange\debug\orange.tlog\cl.read.1.tlog
f:\yq\sourcecode\test\gopostal-postal-1-open-source-67ed6c69603e\build\orange\debug\orange.tlog\cl.write.1.tlog
f:\yq\sourcecode\test\gopostal-postal-1-open-source-67ed6c69603e\build\orange\debug\orange.tlog\lib-link.read.1.tlog
f:\yq\sourcecode\test\gopostal-postal-1-open-source-67ed6c69603e\build\orange\debug\orange.tlog\lib-link.write.1.tlog
f:\yq\sourcecode\test\gopostal-postal-1-open-source-67ed6c69603e\build\orange\debug\orange.tlog\lib.command.1.tlog
