f:\yq\sourcecode\test\gopostal-postal-1-open-source-67ed6c69603e\build\green\debug\vc120.pdb
f:\yq\sourcecode\test\gopostal-postal-1-open-source-67ed6c69603e\build\green\debug\vc120.idb
f:\yq\sourcecode\test\gopostal-postal-1-open-source-67ed6c69603e\build\green\debug\task.obj
f:\yq\sourcecode\test\gopostal-postal-1-open-source-67ed6c69603e\build\green\debug\sndfx.obj
f:\yq\sourcecode\test\gopostal-postal-1-open-source-67ed6c69603e\build\green\debug\snd.obj
f:\yq\sourcecode\test\gopostal-postal-1-open-source-67ed6c69603e\build\green\debug\sample.obj
f:\yq\sourcecode\test\gopostal-postal-1-open-source-67ed6c69603e\build\green\debug\palfile.obj
f:\yq\sourcecode\test\gopostal-postal-1-open-source-67ed6c69603e\build\green\debug\pal.obj
f:\yq\sourcecode\test\gopostal-postal-1-open-source-67ed6c69603e\build\green\debug\mixbuf.obj
f:\yq\sourcecode\test\gopostal-postal-1-open-source-67ed6c69603e\build\green\debug\mix.obj
f:\yq\sourcecode\test\gopostal-postal-1-open-source-67ed6c69603e\build\green\debug\inputevent.obj
f:\yq\sourcecode\test\gopostal-postal-1-open-source-67ed6c69603e\build\green\debug\imagefile.obj
f:\yq\sourcecode\test\gopostal-postal-1-open-source-67ed6c69603e\build\green\debug\imagecon.obj
f:\yq\sourcecode\test\gopostal-postal-1-open-source-67ed6c69603e\build\green\debug\image.obj
f:\yq\sourcecode\test\gopostal-postal-1-open-source-67ed6c69603e\build\green\debug\hot.obj
f:\yq\sourcecode\test\gopostal-postal-1-open-source-67ed6c69603e\build\green\debug\green.lib
f:\yq\sourcecode\test\gopostal-postal-1-open-source-67ed6c69603e\.\build\green\debug\green.lib
f:\yq\sourcecode\test\gopostal-postal-1-open-source-67ed6c69603e\build\green\debug\green.tlog\cl.command.1.tlog
f:\yq\sourcecode\test\gopostal-postal-1-open-source-67ed6c69603e\build\green\debug\green.tlog\cl.read.1.tlog
f:\yq\sourcecode\test\gopostal-postal-1-open-source-67ed6c69603e\build\green\debug\green.tlog\cl.write.1.tlog
f:\yq\sourcecode\test\gopostal-postal-1-open-source-67ed6c69603e\build\green\debug\green.tlog\lib-link.read.1.tlog
f:\yq\sourcecode\test\gopostal-postal-1-open-source-67ed6c69603e\build\green\debug\green.tlog\lib-link.write.1.tlog
f:\yq\sourcecode\test\gopostal-postal-1-open-source-67ed6c69603e\build\green\debug\green.tlog\lib.command.1.tlog
